<?xml version="1.0" encoding="UTF-8"?>
<robot generator="Robot 6.0.2 (Python 3.8.2 on win32)" generated="20230212 14:39:00.075" rpa="false" schemaversion="3">
<suite id="s1" name="Robot1" source="C:\Users\miiiu_000\Desktop\Ania_git\first_repo\robot1.robot">
<test id="s1-t1" name="Test 1" line="11">
<kw name="Open Browser" library="SeleniumLibrary">
<arg>https://pl.wikipedia.org</arg>
<arg>chrome</arg>
<doc>Opens a new browser instance to the optional ``url``.</doc>
<msg timestamp="20230212 14:39:00.361" level="INFO">Opening browser 'chrome' to base url 'https://pl.wikipedia.org'.</msg>
<status status="PASS" starttime="20230212 14:39:00.360" endtime="20230212 14:39:02.645"/>
</kw>
<kw name="Wait Until Element Is Visible" library="SeleniumLibrary">
<arg>pt-login</arg>
<arg>3</arg>
<arg>mamy blad</arg>
<doc>Waits until the element ``locator`` is visible.</doc>
<status status="PASS" starttime="20230212 14:39:02.645" endtime="20230212 14:39:02.744"/>
</kw>
<kw name="Click Element" library="SeleniumLibrary">
<arg>pt-login</arg>
<doc>Click the element identified by ``locator``.</doc>
<msg timestamp="20230212 14:39:02.745" level="INFO">Clicking element 'pt-login'.</msg>
<status status="PASS" starttime="20230212 14:39:02.745" endtime="20230212 14:39:03.315"/>
</kw>
<kw name="Get Text" library="SeleniumLibrary">
<var>${my_value}</var>
<arg>wpName1</arg>
<doc>Returns the text value of the element identified by ``locator``.</doc>
<msg timestamp="20230212 14:39:03.360" level="INFO">${my_value} = </msg>
<status status="PASS" starttime="20230212 14:39:03.315" endtime="20230212 14:39:03.360"/>
</kw>
<kw name="Should Be Empty" library="BuiltIn">
<arg>${my_value}</arg>
<doc>Verifies that the given item is empty.</doc>
<msg timestamp="20230212 14:39:03.361" level="INFO">Length is 0</msg>
<status status="PASS" starttime="20230212 14:39:03.361" endtime="20230212 14:39:03.361"/>
</kw>
<kw name="Input Text" library="SeleniumLibrary">
<arg>wpName1</arg>
<arg>RobotTests</arg>
<doc>Types the given ``text`` into the text field identified by ``locator``.</doc>
<msg timestamp="20230212 14:39:03.363" level="INFO">Typing text 'RobotTests' into text field 'wpName1'.</msg>
<status status="PASS" starttime="20230212 14:39:03.362" endtime="20230212 14:39:03.461"/>
</kw>
<kw name="Input Text" library="SeleniumLibrary">
<arg>wpPassword1</arg>
<arg>RobotFramework</arg>
<doc>Types the given ``text`` into the text field identified by ``locator``.</doc>
<msg timestamp="20230212 14:39:03.462" level="INFO">Typing text 'RobotFramework' into text field 'wpPassword1'.</msg>
<status status="PASS" starttime="20230212 14:39:03.461" endtime="20230212 14:39:03.651"/>
</kw>
<kw name="Checkbox Should Not Be Selected" library="SeleniumLibrary">
<arg>wpRemember</arg>
<doc>Verifies checkbox ``locator`` is not selected/checked.</doc>
<msg timestamp="20230212 14:39:03.652" level="INFO">Verifying checkbox 'wpRemember' is not selected.</msg>
<status status="PASS" starttime="20230212 14:39:03.651" endtime="20230212 14:39:03.675"/>
</kw>
<kw name="Select Checkbox" library="SeleniumLibrary">
<arg>wpRemember</arg>
<doc>Selects the checkbox identified by ``locator``.</doc>
<msg timestamp="20230212 14:39:03.676" level="INFO">Selecting checkbox 'wpRemember'.</msg>
<status status="PASS" starttime="20230212 14:39:03.675" endtime="20230212 14:39:03.739"/>
</kw>
<kw name="Click Element" library="SeleniumLibrary">
<arg>wpLoginAttempt</arg>
<doc>Click the element identified by ``locator``.</doc>
<msg timestamp="20230212 14:39:03.741" level="INFO">Clicking element 'wpLoginAttempt'.</msg>
<status status="PASS" starttime="20230212 14:39:03.740" endtime="20230212 14:39:09.651"/>
</kw>
<kw name="Capture Page Screenshot" library="SeleniumLibrary">
<arg>screen.png</arg>
<doc>Takes a screenshot of the current page and embeds it into a log file.</doc>
<msg timestamp="20230212 14:39:09.860" level="INFO" html="true">&lt;/td&gt;&lt;/tr&gt;&lt;tr&gt;&lt;td colspan="3"&gt;&lt;a href="screen.png"&gt;&lt;img src="screen.png" width="800px"&gt;&lt;/a&gt;</msg>
<status status="PASS" starttime="20230212 14:39:09.651" endtime="20230212 14:39:09.860"/>
</kw>
<kw name="Sleep" library="BuiltIn">
<arg>5</arg>
<doc>Pauses the test executed for the given time.</doc>
<msg timestamp="20230212 14:39:14.861" level="INFO">Slept 5 seconds</msg>
<status status="PASS" starttime="20230212 14:39:09.861" endtime="20230212 14:39:14.861"/>
</kw>
<status status="PASS" starttime="20230212 14:39:00.359" endtime="20230212 14:39:14.861"/>
</test>
<status status="PASS" starttime="20230212 14:39:00.077" endtime="20230212 14:39:14.862"/>
</suite>
<statistics>
<total>
<stat pass="1" fail="0" skip="0">All Tests</stat>
</total>
<tag>
</tag>
<suite>
<stat pass="1" fail="0" skip="0" id="s1" name="Robot1">Robot1</stat>
</suite>
</statistics>
<errors>
</errors>
</robot>
